IQ-TREE version 3.0.1 for Linux x86 64-bit built Jul  9 2025
Developed by Bui Quang Minh, Thomas Wong, Nhan Ly-Trong, Huaiyan Ren
Contributed by Lam-Tung Nguyen, Dominik Schrempf, Chris Bielow,
Olga Chernomor, Michael Woodhams, Diep Thi Hoang, Heiko Schmidt

Host:    554c936cb114 (AVX512, FMA3, 176 GB RAM)
Command: iqtree3 -s /content/drive/MyDrive/KCL/Leprosy/results_3/tree/alignment_fixed.fasta -m GTR+ASC -B 1000 -nt AUTO --prefix /content/drive/MyDrive/KCL/Leprosy/results_3/tree/lep_phylogeny_final
Seed:    391852 (Using SPRNG - Scalable Parallel Random Number Generator)
Time:    Mon Mar  9 17:52:32 2026
Kernel:  AVX+FMA - auto-detect threads (48 CPU cores detected)

Reading alignment file /content/drive/MyDrive/KCL/Leprosy/results_3/tree/alignment_fixed.fasta ... Fasta format detected
Reading fasta file: done in 0.287942 secs using 93.86% CPU
Alignment most likely contains DNA/RNA sequences
Constructing alignment: done in 0.273425 secs using 145.7% CPU
Alignment has 198 sequences with 250153 columns, 8852 distinct patterns
245113 parsimony-informative, 5040 singleton sites, 0 constant sites
                                                                       Gap/Ambiguity  Composition  p-value
Analyzing sequences: done in 0.00028398 secs using 202.8% CPU
   1  /content/drive/MyDrive/KCL/Leprosy/results_3/bam/SRR3330052.final.bam    0.00%    passed     98.74%
   2  /content/drive/MyDrive/KCL/Leprosy/results_3/bam/SRR3330053.final.bam    0.00%    passed     98.49%
   3  /content/drive/MyDrive/KCL/Leprosy/results_3/bam/SRR3330054.final.bam    0.00%    passed     98.47%
   4  /content/drive/MyDrive/KCL/Leprosy/results_3/bam/SRR3672737.final.bam    0.00%    passed     99.01%
   5  /content/drive/MyDrive/KCL/Leprosy/results_3/bam/SRR3672738.final.bam    0.00%    passed     99.12%
   6  /content/drive/MyDrive/KCL/Leprosy/results_3/bam/SRR3672739.final.bam    0.00%    passed     99.06%
   7  /content/drive/MyDrive/KCL/Leprosy/results_3/bam/SRR3672740.final.bam    0.00%    failed      0.11%
   8  /content/drive/MyDrive/KCL/Leprosy/results_3/bam/SRR3672741.final.bam    0.00%    failed      0.07%
   9  /content/drive/MyDrive/KCL/Leprosy/results_3/bam/SRR3672742.final.bam    0.00%    failed      0.13%
  10  /content/drive/MyDrive/KCL/Leprosy/results_3/bam/SRR3672743.final.bam    0.03%    failed      0.00%
  11  /content/drive/MyDrive/KCL/Leprosy/results_3/bam/SRR3672744.final.bam    0.04%    failed      0.00%
  12  /content/drive/MyDrive/KCL/Leprosy/results_3/bam/SRR3672745.final.bam    0.04%    failed      0.02%
  13  /content/drive/MyDrive/KCL/Leprosy/results_3/bam/SRR3672746.final.bam    0.05%    failed      0.00%
  14  /content/drive/MyDrive/KCL/Leprosy/results_3/bam/SRR3672747.final.bam    0.04%    failed      0.00%
  15  /content/drive/MyDrive/KCL/Leprosy/results_3/bam/SRR3672748.final.bam    0.06%    failed      0.00%
  16  /content/drive/MyDrive/KCL/Leprosy/results_3/bam/SRR3672749.final.bam    0.00%    passed     99.19%
  17  /content/drive/MyDrive/KCL/Leprosy/results_3/bam/SRR3672750.final.bam    0.10%    failed      0.00%
  18  /content/drive/MyDrive/KCL/Leprosy/results_3/bam/SRR3672751.final.bam    0.02%    failed      0.20%
  19  /content/drive/MyDrive/KCL/Leprosy/results_3/bam/SRR3672752.final.bam    0.00%    passed     99.10%
  20  /content/drive/MyDrive/KCL/Leprosy/results_3/bam/SRR3672753.final.bam    0.00%    passed     99.06%
  21  /content/drive/MyDrive/KCL/Leprosy/results_3/bam/SRR3672754.final.bam    0.00%    passed     99.39%
  22  /content/drive/MyDrive/KCL/Leprosy/results_3/bam/SRR3672755.final.bam    0.01%    passed     99.20%
  23  /content/drive/MyDrive/KCL/Leprosy/results_3/bam/SRR3672756.final.bam    0.00%    passed     98.32%
  24  /content/drive/MyDrive/KCL/Leprosy/results_3/bam/SRR3672757.final.bam    0.00%    passed     99.09%
  25  /content/drive/MyDrive/KCL/Leprosy/results_3/bam/SRR3672758.final.bam    0.00%    passed     99.06%
  26  /content/drive/MyDrive/KCL/Leprosy/results_3/bam/SRR6233936.final.bam    0.00%    passed     98.98%
  27  /content/drive/MyDrive/KCL/Leprosy/results_3/bam/SRR6241707.final.bam    0.00%    passed     98.14%
  28  /content/drive/MyDrive/KCL/Leprosy/results_3/bam/SRR6241708.final.bam    0.01%    passed     95.07%
  29  /content/drive/MyDrive/KCL/Leprosy/results_3/bam/SRR6241709.final.bam    0.00%    passed     98.57%
  30  /content/drive/MyDrive/KCL/Leprosy/results_3/bam/SRR6241710.final.bam    0.00%    passed     98.88%
  31  /content/drive/MyDrive/KCL/Leprosy/results_3/bam/SRR6241711.final.bam    0.00%    passed     98.53%
  32  /content/drive/MyDrive/KCL/Leprosy/results_3/bam/SRR6241712.final.bam    0.00%    passed     98.45%
  33  /content/drive/MyDrive/KCL/Leprosy/results_3/bam/SRR6241713.final.bam    0.00%    passed     98.81%
  34  /content/drive/MyDrive/KCL/Leprosy/results_3/bam/SRR6241714.final.bam    0.00%    passed     98.61%
  35  /content/drive/MyDrive/KCL/Leprosy/results_3/bam/SRR6241715.final.bam    0.01%    passed     98.49%
  36  /content/drive/MyDrive/KCL/Leprosy/results_3/bam/SRR6241716.final.bam    0.00%    passed     98.66%
  37  /content/drive/MyDrive/KCL/Leprosy/results_3/bam/SRR6241717.final.bam    0.00%    passed     98.78%
  38  /content/drive/MyDrive/KCL/Leprosy/results_3/bam/SRR6241718.final.bam    0.01%    passed     99.32%
  39  /content/drive/MyDrive/KCL/Leprosy/results_3/bam/SRR6241719.final.bam    0.00%    passed     98.89%
  40  /content/drive/MyDrive/KCL/Leprosy/results_3/bam/SRR6241720.final.bam    0.00%    passed     98.53%
  41  /content/drive/MyDrive/KCL/Leprosy/results_3/bam/SRR6241721.final.bam    0.00%    passed     98.49%
  42  /content/drive/MyDrive/KCL/Leprosy/results_3/bam/SRR6241722.final.bam    0.00%    passed     98.49%
  43  /content/drive/MyDrive/KCL/Leprosy/results_3/bam/SRR6241723.final.bam    0.01%    passed     98.53%
  44  /content/drive/MyDrive/KCL/Leprosy/results_3/bam/SRR6241724.final.bam    0.00%    passed     98.30%
  45  /content/drive/MyDrive/KCL/Leprosy/results_3/bam/SRR6241725.final.bam    0.00%    passed     98.42%
  46  /content/drive/MyDrive/KCL/Leprosy/results_3/bam/SRR6241726.final.bam    0.00%    passed     98.43%
  47  /content/drive/MyDrive/KCL/Leprosy/results_3/bam/SRR6241727.final.bam    0.00%    passed     86.64%
  48  /content/drive/MyDrive/KCL/Leprosy/results_3/bam/SRR6241728.final.bam    0.00%    passed     98.51%
  49  /content/drive/MyDrive/KCL/Leprosy/results_3/bam/SRR6241729.final.bam    0.00%    passed     98.34%
  50  /content/drive/MyDrive/KCL/Leprosy/results_3/bam/SRR6241730.final.bam    0.00%    passed     99.07%
  51  /content/drive/MyDrive/KCL/Leprosy/results_3/bam/SRR6241731.final.bam    0.00%    passed     98.32%
  52  /content/drive/MyDrive/KCL/Leprosy/results_3/bam/SRR6241732.final.bam    0.00%    passed     98.53%
  53  /content/drive/MyDrive/KCL/Leprosy/results_3/bam/SRR6241733.final.bam    0.00%    passed     99.17%
  54  /content/drive/MyDrive/KCL/Leprosy/results_3/bam/SRR6241734.final.bam    0.00%    passed     99.01%
  55  /content/drive/MyDrive/KCL/Leprosy/results_3/bam/SRR6241735.final.bam    0.00%    passed     97.42%
  56  /content/drive/MyDrive/KCL/Leprosy/results_3/bam/SRR6241736.final.bam    0.00%    passed     91.69%
  57  /content/drive/MyDrive/KCL/Leprosy/results_3/bam/SRR6241737.final.bam    0.00%    passed     99.22%
  58  /content/drive/MyDrive/KCL/Leprosy/results_3/bam/SRR6241738.final.bam    0.00%    passed     99.05%
  59  /content/drive/MyDrive/KCL/Leprosy/results_3/bam/SRR6241739.final.bam    0.00%    passed     98.89%
  60  /content/drive/MyDrive/KCL/Leprosy/results_3/bam/SRR6241740.final.bam    0.00%    passed     99.12%
  61  /content/drive/MyDrive/KCL/Leprosy/results_3/bam/SRR6241741.final.bam    0.00%    passed     98.89%
  62  /content/drive/MyDrive/KCL/Leprosy/results_3/bam/SRR6241742.final.bam    0.00%    passed     98.49%
  63  /content/drive/MyDrive/KCL/Leprosy/results_3/bam/SRR6241743.final.bam    0.00%    passed     98.44%
  64  /content/drive/MyDrive/KCL/Leprosy/results_3/bam/SRR6241744.final.bam    0.00%    passed     98.56%
  65  /content/drive/MyDrive/KCL/Leprosy/results_3/bam/SRR6241745.final.bam    0.00%    passed     98.86%
  66  /content/drive/MyDrive/KCL/Leprosy/results_3/bam/SRR6241746.final.bam    0.00%    passed     98.87%
  67  /content/drive/MyDrive/KCL/Leprosy/results_3/bam/SRR6241747.final.bam    0.00%    passed     98.83%
  68  /content/drive/MyDrive/KCL/Leprosy/results_3/bam/SRR6241748.final.bam    0.00%    passed     98.79%
  69  /content/drive/MyDrive/KCL/Leprosy/results_3/bam/SRR6241749.final.bam    0.00%    passed     98.75%
  70  /content/drive/MyDrive/KCL/Leprosy/results_3/bam/SRR6241750.final.bam    0.00%    passed     98.27%
  71  /content/drive/MyDrive/KCL/Leprosy/results_3/bam/SRR6241751.final.bam    0.00%    passed     99.13%
  72  /content/drive/MyDrive/KCL/Leprosy/results_3/bam/SRR6241752.final.bam    0.00%    passed     98.95%
  73  /content/drive/MyDrive/KCL/Leprosy/results_3/bam/SRR6241753.final.bam    0.00%    passed     98.89%
  74  /content/drive/MyDrive/KCL/Leprosy/results_3/bam/SRR6241754.final.bam    0.00%    passed     98.91%
  75  /content/drive/MyDrive/KCL/Leprosy/results_3/bam/SRR6241755.final.bam    0.00%    passed     99.14%
  76  /content/drive/MyDrive/KCL/Leprosy/results_3/bam/SRR6241756.final.bam    0.00%    passed     96.11%
  77  /content/drive/MyDrive/KCL/Leprosy/results_3/bam/SRR6241757.final.bam    0.00%    passed     99.06%
  78  /content/drive/MyDrive/KCL/Leprosy/results_3/bam/SRR6241758.final.bam    0.00%    passed     89.98%
  79  /content/drive/MyDrive/KCL/Leprosy/results_3/bam/SRR6241759.final.bam    0.00%    passed     98.91%
  80  /content/drive/MyDrive/KCL/Leprosy/results_3/bam/SRR6241760.final.bam    0.00%    passed     98.98%
  81  /content/drive/MyDrive/KCL/Leprosy/results_3/bam/SRR6241761.final.bam    0.00%    passed     98.85%
  82  /content/drive/MyDrive/KCL/Leprosy/results_3/bam/SRR6241762.final.bam    0.00%    passed     98.83%
  83  /content/drive/MyDrive/KCL/Leprosy/results_3/bam/SRR6241763.final.bam    0.00%    passed     98.75%
  84  /content/drive/MyDrive/KCL/Leprosy/results_3/bam/SRR6241764.final.bam    0.00%    passed     98.40%
  85  /content/drive/MyDrive/KCL/Leprosy/results_3/bam/SRR6241766.final.bam    0.00%    passed     98.78%
  86  /content/drive/MyDrive/KCL/Leprosy/results_3/bam/SRR6241767.final.bam    0.00%    passed     98.00%
  87  /content/drive/MyDrive/KCL/Leprosy/results_3/bam/SRR6241768.final.bam    0.00%    passed     99.31%
  88  /content/drive/MyDrive/KCL/Leprosy/results_3/bam/SRR6241769.final.bam    0.00%    passed     99.40%
  89  /content/drive/MyDrive/KCL/Leprosy/results_3/bam/SRR6241770.final.bam    0.00%    passed     98.70%
  90  /content/drive/MyDrive/KCL/Leprosy/results_3/bam/SRR6241771.final.bam    0.00%    passed     98.95%
  91  /content/drive/MyDrive/KCL/Leprosy/results_3/bam/SRR6241772.final.bam    0.00%    passed     98.77%
  92  /content/drive/MyDrive/KCL/Leprosy/results_3/bam/SRR6241773.final.bam    0.00%    passed     99.03%
  93  /content/drive/MyDrive/KCL/Leprosy/results_3/bam/SRR6241774.final.bam    0.00%    passed     98.41%
  94  /content/drive/MyDrive/KCL/Leprosy/results_3/bam/SRR6241775.final.bam    0.00%    passed     98.55%
  95  /content/drive/MyDrive/KCL/Leprosy/results_3/bam/SRR6241776.final.bam    0.00%    passed     98.79%
  96  /content/drive/MyDrive/KCL/Leprosy/results_3/bam/SRR6241777.final.bam    0.00%    passed     98.69%
  97  /content/drive/MyDrive/KCL/Leprosy/results_3/bam/SRR6241778.final.bam    0.00%    passed     99.20%
  98  /content/drive/MyDrive/KCL/Leprosy/results_3/bam/SRR6241779.final.bam    0.00%    passed     98.94%
  99  /content/drive/MyDrive/KCL/Leprosy/results_3/bam/SRR6241780.final.bam    0.00%    passed     98.47%
 100  /content/drive/MyDrive/KCL/Leprosy/results_3/bam/SRR6241781.final.bam    0.00%    passed     99.17%
 101  /content/drive/MyDrive/KCL/Leprosy/results_3/bam/SRR6241782.final.bam    0.00%    passed     99.30%
 102  /content/drive/MyDrive/KCL/Leprosy/results_3/bam/SRR6241783.final.bam    0.00%    passed     98.51%
 103  /content/drive/MyDrive/KCL/Leprosy/results_3/bam/SRR6241784.final.bam    0.00%    passed     99.34%
 104  /content/drive/MyDrive/KCL/Leprosy/results_3/bam/SRR6241785.final.bam    0.00%    passed     99.03%
 105  /content/drive/MyDrive/KCL/Leprosy/results_3/bam/SRR6241786.final.bam    0.00%    passed     98.95%
 106  /content/drive/MyDrive/KCL/Leprosy/results_3/bam/SRR6241787.final.bam    0.00%    passed     98.57%
 107  /content/drive/MyDrive/KCL/Leprosy/results_3/bam/SRR6241788.final.bam    0.00%    passed     98.44%
 108  /content/drive/MyDrive/KCL/Leprosy/results_3/bam/SRR6241789.final.bam    0.00%    passed     98.56%
 109  /content/drive/MyDrive/KCL/Leprosy/results_3/bam/SRR6241790.final.bam    0.00%    passed     98.21%
 110  /content/drive/MyDrive/KCL/Leprosy/results_3/bam/SRR6241791.final.bam    0.00%    passed     98.79%
 111  /content/drive/MyDrive/KCL/Leprosy/results_3/bam/SRR6241792.final.bam    0.00%    passed     98.84%
 112  /content/drive/MyDrive/KCL/Leprosy/results_3/bam/SRR6241793.final.bam    0.00%    passed     98.77%
 113  /content/drive/MyDrive/KCL/Leprosy/results_3/bam/SRR6241794.final.bam    0.00%    passed     99.00%
 114  /content/drive/MyDrive/KCL/Leprosy/results_3/bam/SRR6241795.final.bam    0.00%    passed     98.61%
 115  /content/drive/MyDrive/KCL/Leprosy/results_3/bam/SRR6241796.final.bam    0.00%    passed     98.77%
 116  /content/drive/MyDrive/KCL/Leprosy/results_3/bam/SRR6241797.final.bam    0.00%    passed     98.36%
 117  /content/drive/MyDrive/KCL/Leprosy/results_3/bam/SRR6241798.final.bam    0.00%    passed     98.50%
 118  /content/drive/MyDrive/KCL/Leprosy/results_3/bam/SRR6241799.final.bam    0.00%    passed     98.52%
 119  /content/drive/MyDrive/KCL/Leprosy/results_3/bam/SRR6241800.final.bam    0.00%    passed     95.90%
 120  /content/drive/MyDrive/KCL/Leprosy/results_3/bam/SRR6241801.final.bam    0.00%    passed     98.31%
 121  /content/drive/MyDrive/KCL/Leprosy/results_3/bam/SRR6241802.final.bam    0.00%    passed     98.97%
 122  /content/drive/MyDrive/KCL/Leprosy/results_3/bam/SRR6241803.final.bam    0.00%    passed     98.26%
 123  /content/drive/MyDrive/KCL/Leprosy/results_3/bam/SRR6241805.final.bam    0.00%    passed     98.77%
 124  /content/drive/MyDrive/KCL/Leprosy/results_3/bam/SRR6241806.final.bam    0.00%    passed     97.66%
 125  /content/drive/MyDrive/KCL/Leprosy/results_3/bam/SRR6241807.final.bam    0.00%    passed     98.33%
 126  /content/drive/MyDrive/KCL/Leprosy/results_3/bam/SRR6241808.final.bam    0.00%    passed     98.59%
 127  /content/drive/MyDrive/KCL/Leprosy/results_3/bam/SRR6241809.final.bam    0.00%    passed     98.97%
 128  /content/drive/MyDrive/KCL/Leprosy/results_3/bam/SRR6241810.final.bam    0.00%    passed     98.57%
 129  /content/drive/MyDrive/KCL/Leprosy/results_3/bam/SRR6241811.final.bam    0.00%    passed     98.78%
 130  /content/drive/MyDrive/KCL/Leprosy/results_3/bam/SRR6241812.final.bam    0.00%    passed     98.90%
 131  /content/drive/MyDrive/KCL/Leprosy/results_3/bam/SRR6241813.final.bam    0.00%    passed     97.59%
 132  /content/drive/MyDrive/KCL/Leprosy/results_3/bam/SRR6241814.final.bam    0.00%    passed     98.71%
 133  /content/drive/MyDrive/KCL/Leprosy/results_3/bam/SRR6241815.final.bam    0.00%    passed     98.59%
 134  /content/drive/MyDrive/KCL/Leprosy/results_3/bam/SRR6241816.final.bam    0.00%    passed     98.38%
 135  /content/drive/MyDrive/KCL/Leprosy/results_3/bam/SRR6241817.final.bam    0.00%    passed     98.80%
 136  /content/drive/MyDrive/KCL/Leprosy/results_3/bam/SRR6241818.final.bam    0.00%    passed     98.08%
 137  /content/drive/MyDrive/KCL/Leprosy/results_3/bam/SRR6241819.final.bam    0.00%    passed     98.89%
 138  /content/drive/MyDrive/KCL/Leprosy/results_3/bam/SRR6241820.final.bam    0.00%    passed     98.22%
 139  /content/drive/MyDrive/KCL/Leprosy/results_3/bam/SRR6241821.final.bam    0.00%    passed     98.74%
 140  /content/drive/MyDrive/KCL/Leprosy/results_3/bam/SRR6241822.final.bam    0.00%    passed     98.79%
 141  /content/drive/MyDrive/KCL/Leprosy/results_3/bam/SRR6241823.final.bam    0.00%    passed     98.81%
 142  /content/drive/MyDrive/KCL/Leprosy/results_3/bam/SRR6241824.final.bam    0.00%    passed     98.63%
 143  /content/drive/MyDrive/KCL/Leprosy/results_3/bam/SRR6241825.final.bam    0.00%    passed     98.50%
 144  /content/drive/MyDrive/KCL/Leprosy/results_3/bam/SRR847034.final.bam     0.00%    passed     99.05%
 145  /content/drive/MyDrive/KCL/Leprosy/results_3/bam/SRR847035.final.bam     0.36%    failed      0.00%
 146  /content/drive/MyDrive/KCL/Leprosy/results_3/bam/SRR847036.final.bam     0.03%    passed     99.64%
 147  /content/drive/MyDrive/KCL/Leprosy/results_3/bam/SRR847037.final.bam     0.08%    passed     46.43%
 148  /content/drive/MyDrive/KCL/Leprosy/results_3/bam/SRR847038.final.bam     0.00%    passed     99.46%
 149  /content/drive/MyDrive/KCL/Leprosy/results_3/bam/SRR847039.final.bam     0.03%    passed     98.60%
 150  /content/drive/MyDrive/KCL/Leprosy/results_3/bam/SRR847040.final.bam     0.04%    passed     99.07%
 151  /content/drive/MyDrive/KCL/Leprosy/results_3/bam/SRR847041.final.bam     0.03%    passed     99.53%
 152  /content/drive/MyDrive/KCL/Leprosy/results_3/bam/SRR847042.final.bam     0.02%    passed     99.40%
 153  /content/drive/MyDrive/KCL/Leprosy/results_3/bam/SRR847043.final.bam     0.02%    passed     99.16%
 154  /content/drive/MyDrive/KCL/Leprosy/results_3/bam/SRR847044.final.bam     0.02%    passed     99.79%
 155  /content/drive/MyDrive/KCL/Leprosy/results_3/bam/SRR847045.final.bam     0.03%    passed     99.33%
 156  /content/drive/MyDrive/KCL/Leprosy/results_3/bam/SRR847046.final.bam     0.05%    passed     90.07%
 157  /content/drive/MyDrive/KCL/Leprosy/results_3/bam/SRR847047.final.bam     0.01%    passed     99.33%
 158  /content/drive/MyDrive/KCL/Leprosy/results_3/bam/SRR847048.final.bam     0.01%    passed     98.86%
 159  /content/drive/MyDrive/KCL/Leprosy/results_3/bam/SRR847049.final.bam     0.02%    passed     99.55%
 160  /content/drive/MyDrive/KCL/Leprosy/results_3/bam/SRR847050.final.bam     0.00%    passed     99.11%
 161  /content/drive/MyDrive/KCL/Leprosy/results_3/bam/SRR847051.final.bam     0.00%    passed     99.11%
 162  /content/drive/MyDrive/KCL/Leprosy/results_3/bam/SRR847052.final.bam     0.00%    passed     99.11%
 163  /content/drive/MyDrive/KCL/Leprosy/results_3/bam/SRR847053.final.bam     0.01%    passed     99.12%
 164  /content/drive/MyDrive/KCL/Leprosy/results_3/bam/SRR847054.final.bam     0.02%    passed     99.20%
 165  /content/drive/MyDrive/KCL/Leprosy/results_3/bam/SRR847055.final.bam     0.03%    passed     99.43%
 166  /content/drive/MyDrive/KCL/Leprosy/results_3/bam/SRR847056.final.bam     0.00%    passed     99.19%
 167  /content/drive/MyDrive/KCL/Leprosy/results_3/bam/SRR847057.final.bam     0.01%    passed     97.88%
 168  /content/drive/MyDrive/KCL/Leprosy/results_3/bam/SRR847058.final.bam     0.03%    passed     93.91%
 169  /content/drive/MyDrive/KCL/Leprosy/results_3/bam/SRR847059.final.bam     0.01%    passed     96.48%
 170  /content/drive/MyDrive/KCL/Leprosy/results_3/bam/SRR847060.final.bam     0.00%    passed     91.01%
 171  /content/drive/MyDrive/KCL/Leprosy/results_3/bam/SRR847061.final.bam     0.01%    passed     98.08%
 172  /content/drive/MyDrive/KCL/Leprosy/results_3/bam/SRR847062.final.bam     0.02%    passed    100.00%
 173  /content/drive/MyDrive/KCL/Leprosy/results_3/bam/SRR847063.final.bam     0.07%    passed     55.24%
 174  /content/drive/MyDrive/KCL/Leprosy/results_3/bam/SRR847064.final.bam     0.06%    passed     99.13%
 175  /content/drive/MyDrive/KCL/Leprosy/results_3/bam/SRR847065.final.bam     0.05%    passed     90.78%
 176  /content/drive/MyDrive/KCL/Leprosy/results_3/bam/SRR847066.final.bam     0.10%    passed     22.92%
 177  /content/drive/MyDrive/KCL/Leprosy/results_3/bam/SRR847067.final.bam     0.09%    passed     46.54%
 178  /content/drive/MyDrive/KCL/Leprosy/results_3/bam/SRR847068.final.bam     0.07%    passed     68.35%
 179  /content/drive/MyDrive/KCL/Leprosy/results_3/bam/SRR847069.final.bam     0.01%    passed     99.43%
 180  /content/drive/MyDrive/KCL/Leprosy/results_3/bam/SRR847070.final.bam     0.03%    passed     98.65%
 181  /content/drive/MyDrive/KCL/Leprosy/results_3/bam/SRR847077.final.bam     0.00%    passed     98.57%
 182  /content/drive/MyDrive/KCL/Leprosy/results_3/bam/SRR847078.final.bam     0.00%    passed     98.86%
 183  /content/drive/MyDrive/KCL/Leprosy/results_3/bam/SRR847079.final.bam     0.02%    passed     96.41%
 184  /content/drive/MyDrive/KCL/Leprosy/results_3/bam/SRR847080.final.bam     0.00%    passed     98.17%
 185  /content/drive/MyDrive/KCL/Leprosy/results_3/bam/SRR847081.final.bam     0.02%    passed     96.78%
 186  /content/drive/MyDrive/KCL/Leprosy/results_3/bam/SRR847082.final.bam     0.06%    passed     94.56%
 187  /content/drive/MyDrive/KCL/Leprosy/results_3/bam/SRR847083.final.bam     0.00%    passed     98.88%
 188  /content/drive/MyDrive/KCL/Leprosy/results_3/bam/SRR847084.final.bam     0.00%    passed     98.46%
 189  /content/drive/MyDrive/KCL/Leprosy/results_3/bam/SRR847085.final.bam     0.02%    passed     96.90%
 190  /content/drive/MyDrive/KCL/Leprosy/results_3/bam/SRR847086.final.bam     0.00%    passed     98.75%
 191  /content/drive/MyDrive/KCL/Leprosy/results_3/bam/SRR847087.final.bam     0.00%    passed     98.97%
 192  /content/drive/MyDrive/KCL/Leprosy/results_3/bam/SRR847088.final.bam     0.03%    passed     91.65%
 193  /content/drive/MyDrive/KCL/Leprosy/results_3/bam/SRR847703.final.bam     0.00%    passed     98.27%
 194  /content/drive/MyDrive/KCL/Leprosy/results_3/bam/SRR847704.final.bam     0.00%    passed     98.24%
 195  /content/drive/MyDrive/KCL/Leprosy/results_3/bam/SRR847705.final.bam     0.00%    passed     98.27%
 196  /content/drive/MyDrive/KCL/Leprosy/results_3/bam/SRR847706.final.bam     0.00%    passed     98.27%
 197  /content/drive/MyDrive/KCL/Leprosy/results_3/bam/SRR847707.final.bam     0.00%    passed     98.27%
 198  /content/drive/MyDrive/KCL/Leprosy/results_3/bam/SRR847715.final.bam     0.00%    passed     98.27%
****  TOTAL                                                                    0.01%  12 sequences failed composition chi2 test (p-value<5%; df=3)
NOTE: minimal branch length is reduced to 0.000000399755 for long alignment
NOTE: /content/drive/MyDrive/KCL/Leprosy/results_3/bam/SRR3672758.final.bam is identical to /content/drive/MyDrive/KCL/Leprosy/results_3/bam/SRR3672739.final.bam but kept for subsequent analysis
NOTE: /content/drive/MyDrive/KCL/Leprosy/results_3/bam/SRR6241722.final.bam is identical to /content/drive/MyDrive/KCL/Leprosy/results_3/bam/SRR6241721.final.bam but kept for subsequent analysis
NOTE: /content/drive/MyDrive/KCL/Leprosy/results_3/bam/SRR847705.final.bam is identical to /content/drive/MyDrive/KCL/Leprosy/results_3/bam/SRR847703.final.bam but kept for subsequent analysis
Checking for duplicate sequences: done in 0.00335897 secs using 4353% CPU
Identifying sites to remove: done in 0.117517 secs using 243% CPU
NOTE: 2 identical sequences (see below) will be ignored for subsequent analysis
NOTE: /content/drive/MyDrive/KCL/Leprosy/results_3/bam/SRR847706.final.bam (identical to /content/drive/MyDrive/KCL/Leprosy/results_3/bam/SRR847703.final.bam) is ignored but added at the end
NOTE: /content/drive/MyDrive/KCL/Leprosy/results_3/bam/SRR847707.final.bam (identical to /content/drive/MyDrive/KCL/Leprosy/results_3/bam/SRR847703.final.bam) is ignored but added at the end
Alignment was printed to /content/drive/MyDrive/KCL/Leprosy/results_3/tree/lep_phylogeny_final.uniqueseq.phy

For your convenience alignment with unique sequences printed to /content/drive/MyDrive/KCL/Leprosy/results_3/tree/lep_phylogeny_final.uniqueseq.phy
Creating fast initial parsimony tree by random order stepwise addition...
1.435 seconds, parsimony score: 289946 (based on 250153 sites)
Generating 1000 samples for ultrafast bootstrap (seed: 391852)...

NOTE: 90 MB RAM (0 GB) is required!
Measuring multi-threading efficiency up to 48 CPU cores
Increase to 10 rounds for branch lengths
77 trees examined
Threads: 1 / Time: 48.535 sec / Speedup: 1.000 / Efficiency: 100% / LogL: -4391416
Threads: 2 / Time: 29.645 sec / Speedup: 1.637 / Efficiency: 82% / LogL: -4391416
Threads: 3 / Time: 18.807 sec / Speedup: 2.581 / Efficiency: 86% / LogL: -4391416
Threads: 4 / Time: 13.966 sec / Speedup: 3.475 / Efficiency: 87% / LogL: -4391416
Threads: 5 / Time: 11.577 sec / Speedup: 4.192 / Efficiency: 84% / LogL: -4391416
Threads: 6 / Time: 10.394 sec / Speedup: 4.670 / Efficiency: 78% / LogL: -4391416
Threads: 7 / Time: 9.914 sec / Speedup: 4.896 / Efficiency: 70% / LogL: -4391416
Threads: 8 / Time: 9.581 sec / Speedup: 5.066 / Efficiency: 63% / LogL: -4391416
Threads: 9 / Time: 8.968 sec / Speedup: 5.412 / Efficiency: 60% / LogL: -4391416
Threads: 10 / Time: 8.439 sec / Speedup: 5.751 / Efficiency: 58% / LogL: -4391416
Threads: 11 / Time: 8.234 sec / Speedup: 5.894 / Efficiency: 54% / LogL: -4391416
Threads: 12 / Time: 8.398 sec / Speedup: 5.779 / Efficiency: 48% / LogL: -4391416
Determining AUTO threadcount: done in 186.487 secs using 448.7% CPU
BEST NUMBER OF THREADS: 10

Estimate model parameters (epsilon = 0.100)
1. Initial log-likelihood: -1410915.769
2. Current log-likelihood: -1249002.329
3. Current log-likelihood: -1244967.619
4. Current log-likelihood: -1244834.116
5. Current log-likelihood: -1244827.191
6. Current log-likelihood: -1244826.839
Optimal log-likelihood: -1244826.766
Rate parameters:  A-C: 1.01988  A-G: 3.78841  A-T: 0.23995  C-G: 0.56477  C-T: 3.80412  G-T: 1.00000
Base frequencies:  A: 0.240  C: 0.257  G: 0.258  T: 0.244
Parameters optimization took 6 rounds (0.810 sec)
Wrote distance file to... 
Computing ML distances based on estimated model parameters...
Calculating distance matrix: done in 0.0289217 secs using 1019% CPU
Computing ML distances took 0.029741 sec (of wall-clock time) 0.295644 sec (of CPU time)
Setting up auxiliary I and S matrices: done in 0.000748539 secs using 394.1% CPU
Constructing RapidNJ tree: done in 0.175106 secs using 76.68% CPU
Computing RapidNJ tree took 0.176085 sec (of wall-clock time) 0.137981 sec (of CPU time)
Log-likelihood of RapidNJ tree: -1244617.901
--------------------------------------------------------------------
|             INITIALIZING CANDIDATE TREE SET                      |
--------------------------------------------------------------------
Generating 98 parsimony trees... 19.257 second
Computing log-likelihood of 98 initial trees ... 3.162 seconds
Current best score: -1244617.901

Do NNI search on 20 best initial trees
Optimizing NNI: done in 0.521088 secs using 998.5% CPU
Estimate model parameters (epsilon = 0.100)
BETTER TREE FOUND at iteration 1: -1242504.899
Optimizing NNI: done in 0.36516 secs using 999.6% CPU
Optimizing NNI: done in 0.758193 secs using 998.8% CPU
Estimate model parameters (epsilon = 0.100)
BETTER TREE FOUND at iteration 3: -1241600.717
Optimizing NNI: done in 0.78738 secs using 999.1% CPU
Optimizing NNI: done in 0.67053 secs using 999.3% CPU
Optimizing NNI: done in 0.881424 secs using 997.7% CPU
Optimizing NNI: done in 0.703352 secs using 998.1% CPU
Estimate model parameters (epsilon = 0.100)
BETTER TREE FOUND at iteration 7: -1241529.277
Optimizing NNI: done in 0.796465 secs using 999.3% CPU
Optimizing NNI: done in 0.712414 secs using 998.9% CPU
Optimizing NNI: done in 0.754794 secs using 998.5% CPU
Iteration 10 / LogL: -1241940.804 / Time: 0h:3m:39s
Optimizing NNI: done in 0.798277 secs using 999.8% CPU
Optimizing NNI: done in 0.864235 secs using 999.8% CPU
Optimizing NNI: done in 1.13744 secs using 998.1% CPU
Optimizing NNI: done in 0.793251 secs using 998.6% CPU
Optimizing NNI: done in 0.712813 secs using 998% CPU
Optimizing NNI: done in 0.83018 secs using 998% CPU
Optimizing NNI: done in 0.616178 secs using 998.6% CPU
Optimizing NNI: done in 0.683275 secs using 999.6% CPU
Optimizing NNI: done in 0.668463 secs using 999.2% CPU
Optimizing NNI: done in 0.646539 secs using 999.2% CPU
Iteration 20 / LogL: -1242121.130 / Time: 0h:3m:47s
Finish initializing candidate tree set (20)
Current best tree score: -1241529.277 / CPU time: 37.500
Number of iterations: 20
--------------------------------------------------------------------
|               OPTIMIZING CANDIDATE TREE SET                      |
--------------------------------------------------------------------
Optimizing NNI: done in 0.700455 secs using 998.1% CPU
Optimizing NNI: done in 0.79803 secs using 997.2% CPU
Optimizing NNI: done in 0.565826 secs using 997.8% CPU
Optimizing NNI: done in 0.666889 secs using 997.7% CPU
Estimate model parameters (epsilon = 0.100)
BETTER TREE FOUND at iteration 24: -1241483.762
Optimizing NNI: done in 0.613643 secs using 997.1% CPU
Optimizing NNI: done in 0.518973 secs using 997.9% CPU
Optimizing NNI: done in 0.718351 secs using 996.5% CPU
Estimate model parameters (epsilon = 0.100)
BETTER TREE FOUND at iteration 27: -1241463.171
Optimizing NNI: done in 0.804627 secs using 998.7% CPU
Optimizing NNI: done in 0.71238 secs using 998.8% CPU
Optimizing NNI: done in 0.252741 secs using 999.7% CPU
Iteration 30 / LogL: -1247267.201 / Time: 0h:3m:54s (0h:12m:58s left)
Optimizing NNI: done in 0.581701 secs using 999.3% CPU
Optimizing NNI: done in 0.71566 secs using 999% CPU
Optimizing NNI: done in 0.551443 secs using 998.9% CPU
Optimizing NNI: done in 0.696922 secs using 998.1% CPU
Optimizing NNI: done in 0.526702 secs using 997.7% CPU
Optimizing NNI: done in 0.664692 secs using 998.6% CPU
Estimate model parameters (epsilon = 0.100)
BETTER TREE FOUND at iteration 36: -1241434.702
Optimizing NNI: done in 0.816593 secs using 996.5% CPU
Optimizing NNI: done in 0.667402 secs using 997.2% CPU
Estimate model parameters (epsilon = 0.100)
BETTER TREE FOUND at iteration 38: -1241432.510
Optimizing NNI: done in 0.51798 secs using 997.3% CPU
Estimate model parameters (epsilon = 0.100)
BETTER TREE FOUND at iteration 39: -1241405.967
Optimizing NNI: done in 0.77781 secs using 997.9% CPU
Iteration 40 / LogL: -1241547.861 / Time: 0h:4m:1s (0h:10m:7s left)
Optimizing NNI: done in 0.733918 secs using 998.3% CPU
Optimizing NNI: done in 0.499731 secs using 998.3% CPU
Optimizing NNI: done in 0.572798 secs using 999.6% CPU
Optimizing NNI: done in 0.57866 secs using 997.1% CPU
Optimizing NNI: done in 0.555201 secs using 997.3% CPU
Optimizing NNI: done in 0.445339 secs using 996.8% CPU
Optimizing NNI: done in 0.732984 secs using 999.3% CPU
Optimizing NNI: done in 0.565973 secs using 997.4% CPU
Optimizing NNI: done in 0.595848 secs using 996.9% CPU
Optimizing NNI: done in 0.60641 secs using 998.6% CPU
Iteration 50 / LogL: -1241434.003 / Time: 0h:4m:7s (0h:7m:25s left)
Log-likelihood cutoff on original alignment: -1242328.658
Optimizing NNI: done in 0.5825 secs using 998% CPU
Optimizing NNI: done in 0.558521 secs using 997% CPU
Optimizing NNI: done in 0.562765 secs using 997.4% CPU
Optimizing NNI: done in 0.627592 secs using 999.3% CPU
Estimate model parameters (epsilon = 0.100)
BETTER TREE FOUND at iteration 54: -1241375.992
Optimizing NNI: done in 0.493871 secs using 998.8% CPU
Optimizing NNI: done in 0.615605 secs using 999% CPU
Optimizing NNI: done in 0.262008 secs using 998.5% CPU
Optimizing NNI: done in 0.503909 secs using 998.2% CPU
Optimizing NNI: done in 0.730952 secs using 997.7% CPU
Optimizing NNI: done in 0.558027 secs using 998.2% CPU
Iteration 60 / LogL: -1241565.901 / Time: 0h:4m:13s (0h:6m:40s left)
Optimizing NNI: done in 0.537685 secs using 997.7% CPU
Optimizing NNI: done in 0.542049 secs using 997.9% CPU
Optimizing NNI: done in 0.769585 secs using 998% CPU
Optimizing NNI: done in 0.820488 secs using 998.2% CPU
Optimizing NNI: done in 0.606495 secs using 1000% CPU
Optimizing NNI: done in 0.74894 secs using 997.8% CPU
Optimizing NNI: done in 0.771508 secs using 998.5% CPU
Optimizing NNI: done in 0.475063 secs using 998.6% CPU
Optimizing NNI: done in 0.668522 secs using 996.6% CPU
Optimizing NNI: done in 0.499015 secs using 998% CPU
Iteration 70 / LogL: -1241406.221 / Time: 0h:4m:19s (0h:5m:14s left)
Optimizing NNI: done in 0.706792 secs using 997.6% CPU
Estimate model parameters (epsilon = 0.100)
BETTER TREE FOUND at iteration 71: -1241375.863
Optimizing NNI: done in 0.865541 secs using 996.5% CPU
Optimizing NNI: done in 0.476733 secs using 999% CPU
Optimizing NNI: done in 0.651393 secs using 997.5% CPU
Optimizing NNI: done in 0.652778 secs using 998.8% CPU
Estimate model parameters (epsilon = 0.100)
BETTER TREE FOUND at iteration 75: -1241371.290
Optimizing NNI: done in 0.565775 secs using 997.9% CPU
Optimizing NNI: done in 0.745012 secs using 998.2% CPU
Optimizing NNI: done in 0.886652 secs using 998.7% CPU
Optimizing NNI: done in 0.697118 secs using 997.5% CPU
Optimizing NNI: done in 0.494656 secs using 996.6% CPU
Iteration 80 / LogL: -1241577.954 / Time: 0h:4m:26s (0h:5m:18s left)
Optimizing NNI: done in 0.720962 secs using 997.4% CPU
Optimizing NNI: done in 0.762002 secs using 997.9% CPU
Optimizing NNI: done in 0.40641 secs using 997.4% CPU
Optimizing NNI: done in 0.437714 secs using 997.4% CPU
Optimizing NNI: done in 0.436685 secs using 996.8% CPU
Optimizing NNI: done in 0.733228 secs using 998.1% CPU
Optimizing NNI: done in 0.81186 secs using 998.2% CPU
Optimizing NNI: done in 1.04262 secs using 997.5% CPU
Optimizing NNI: done in 0.64084 secs using 997.9% CPU
Optimizing NNI: done in 0.470225 secs using 997.4% CPU
Estimate model parameters (epsilon = 0.100)
BETTER TREE FOUND at iteration 90: -1241370.471
Iteration 90 / LogL: -1241370.471 / Time: 0h:4m:33s (0h:5m:5s left)
Optimizing NNI: done in 0.732716 secs using 998.4% CPU
Optimizing NNI: done in 0.652279 secs using 999.9% CPU
Estimate model parameters (epsilon = 0.100)
BETTER TREE FOUND at iteration 92: -1241365.242
Optimizing NNI: done in 0.730582 secs using 997.1% CPU
Optimizing NNI: done in 0.79552 secs using 999.4% CPU
Optimizing NNI: done in 0.656183 secs using 997.9% CPU
Optimizing NNI: done in 0.588987 secs using 997.8% CPU
Optimizing NNI: done in 0.52934 secs using 997.3% CPU
Optimizing NNI: done in 0.622924 secs using 997.7% CPU
Optimizing NNI: done in 0.753705 secs using 998.5% CPU
Optimizing NNI: done in 0.66095 secs using 997.9% CPU
Iteration 100 / LogL: -1241442.154 / Time: 0h:4m:40s (0h:4m:18s left)
Log-likelihood cutoff on original alignment: -1242033.206
NOTE: Bootstrap correlation coefficient of split occurrence frequencies: 0.982
NOTE: UFBoot does not converge, continue at least 100 more iterations
Optimizing NNI: done in 0.52483 secs using 998.8% CPU
Estimate model parameters (epsilon = 0.100)
BETTER TREE FOUND at iteration 101: -1241364.060
Optimizing NNI: done in 0.533099 secs using 997.8% CPU
Optimizing NNI: done in 0.47943 secs using 996.3% CPU
Optimizing NNI: done in 0.350377 secs using 996.5% CPU
Optimizing NNI: done in 0.822434 secs using 997.6% CPU
Optimizing NNI: done in 0.481112 secs using 998.3% CPU
Optimizing NNI: done in 0.809791 secs using 996% CPU
Optimizing NNI: done in 0.396085 secs using 997.8% CPU
Optimizing NNI: done in 0.765371 secs using 999.3% CPU
Optimizing NNI: done in 0.53615 secs using 998.4% CPU
Iteration 110 / LogL: -1241595.059 / Time: 0h:4m:46s (0h:3m:57s left)
Optimizing NNI: done in 0.513243 secs using 997.6% CPU
Optimizing NNI: done in 0.41368 secs using 998% CPU
Optimizing NNI: done in 0.81044 secs using 998.8% CPU
Optimizing NNI: done in 0.92022 secs using 998.4% CPU
Optimizing NNI: done in 0.63584 secs using 997.7% CPU
Optimizing NNI: done in 0.827635 secs using 998.1% CPU
Optimizing NNI: done in 0.54306 secs using 996.8% CPU
Optimizing NNI: done in 0.422834 secs using 999.4% CPU
Optimizing NNI: done in 0.734308 secs using 998.7% CPU
Optimizing NNI: done in 0.519281 secs using 998.7% CPU
Estimate model parameters (epsilon = 0.100)
BETTER TREE FOUND at iteration 120: -1241347.939
Iteration 120 / LogL: -1241347.939 / Time: 0h:4m:52s (0h:4m:4s left)
Optimizing NNI: done in 0.575053 secs using 998% CPU
Optimizing NNI: done in 0.749953 secs using 997% CPU
Optimizing NNI: done in 0.533094 secs using 997.8% CPU
Optimizing NNI: done in 0.489572 secs using 996.5% CPU
Optimizing NNI: done in 0.752066 secs using 997.9% CPU
Optimizing NNI: done in 0.812379 secs using 997.1% CPU
Optimizing NNI: done in 0.415918 secs using 998.7% CPU
Optimizing NNI: done in 0.464147 secs using 997.6% CPU
Optimizing NNI: done in 0.793073 secs using 999.2% CPU
Optimizing NNI: done in 0.527705 secs using 997.1% CPU
Iteration 130 / LogL: -1241387.720 / Time: 0h:4m:59s (0h:3m:27s left)
Optimizing NNI: done in 0.51662 secs using 996.8% CPU
Optimizing NNI: done in 0.48528 secs using 998.9% CPU
Optimizing NNI: done in 0.725558 secs using 997.7% CPU
Estimate model parameters (epsilon = 0.100)
BETTER TREE FOUND at iteration 133: -1241339.991
Optimizing NNI: done in 0.726428 secs using 998.4% CPU
Optimizing NNI: done in 0.762023 secs using 998.7% CPU
Optimizing NNI: done in 0.547297 secs using 997.3% CPU
Optimizing NNI: done in 0.472668 secs using 998.7% CPU
Optimizing NNI: done in 0.823402 secs using 998% CPU
Optimizing NNI: done in 0.602836 secs using 998.2% CPU
Optimizing NNI: done in 0.656753 secs using 998.5% CPU
Iteration 140 / LogL: -1241341.731 / Time: 0h:5m:5s (0h:3m:23s left)
Optimizing NNI: done in 0.641976 secs using 998% CPU
Optimizing NNI: done in 0.822912 secs using 998.1% CPU
Optimizing NNI: done in 0.478493 secs using 997% CPU
Optimizing NNI: done in 0.489862 secs using 999% CPU
Optimizing NNI: done in 0.462735 secs using 998.6% CPU
Estimate model parameters (epsilon = 0.100)
BETTER TREE FOUND at iteration 145: -1241328.455
Optimizing NNI: done in 0.886464 secs using 998.9% CPU
Estimate model parameters (epsilon = 0.100)
BETTER TREE FOUND at iteration 146: -1241326.151
Optimizing NNI: done in 0.525089 secs using 997% CPU
Optimizing NNI: done in 0.452594 secs using 1000% CPU
Optimizing NNI: done in 0.784844 secs using 996.9% CPU
Optimizing NNI: done in 0.610912 secs using 998% CPU
Iteration 150 / LogL: -1241421.131 / Time: 0h:5m:12s (0h:3m:20s left)
Log-likelihood cutoff on original alignment: -1241976.929
Optimizing NNI: done in 0.774579 secs using 997% CPU
Optimizing NNI: done in 0.173725 secs using 999.7% CPU
Optimizing NNI: done in 0.769782 secs using 998% CPU
Optimizing NNI: done in 0.614781 secs using 996.9% CPU
Optimizing NNI: done in 0.64687 secs using 997.5% CPU
Optimizing NNI: done in 0.542675 secs using 997.4% CPU
Optimizing NNI: done in 0.659579 secs using 999.1% CPU
Estimate model parameters (epsilon = 0.100)
BETTER TREE FOUND at iteration 157: -1241322.142
Optimizing NNI: done in 0.520152 secs using 998% CPU
Optimizing NNI: done in 0.693031 secs using 996.6% CPU
Optimizing NNI: done in 0.691189 secs using 998.2% CPU
Iteration 160 / LogL: -1241360.379 / Time: 0h:5m:18s (0h:3m:13s left)
Optimizing NNI: done in 0.453747 secs using 998.3% CPU
Optimizing NNI: done in 0.585644 secs using 999% CPU
Optimizing NNI: done in 0.394197 secs using 998% CPU
Optimizing NNI: done in 0.630268 secs using 997.4% CPU
Optimizing NNI: done in 0.645643 secs using 998.2% CPU
Optimizing NNI: done in 0.464921 secs using 999.3% CPU
Optimizing NNI: done in 0.578024 secs using 998.4% CPU
Optimizing NNI: done in 0.573725 secs using 998.3% CPU
Optimizing NNI: done in 0.719073 secs using 997.8% CPU
Optimizing NNI: done in 0.661401 secs using 999.8% CPU
Iteration 170 / LogL: -1241442.244 / Time: 0h:5m:24s (0h:2m:46s left)
Optimizing NNI: done in 0.670547 secs using 998.2% CPU
Optimizing NNI: done in 0.438846 secs using 996.4% CPU
Optimizing NNI: done in 0.701815 secs using 998.8% CPU
Optimizing NNI: done in 0.652203 secs using 998.8% CPU
Optimizing NNI: done in 0.504226 secs using 998.2% CPU
Optimizing NNI: done in 0.266184 secs using 997.9% CPU
Optimizing NNI: done in 0.594965 secs using 997.7% CPU
Optimizing NNI: done in 0.758932 secs using 997.2% CPU
Optimizing NNI: done in 0.64989 secs using 997.4% CPU
Optimizing NNI: done in 0.46297 secs using 998.3% CPU
Iteration 180 / LogL: -1241339.738 / Time: 0h:5m:30s (0h:2m:21s left)
Optimizing NNI: done in 0.6765 secs using 998% CPU
Optimizing NNI: done in 0.666742 secs using 997.5% CPU
Optimizing NNI: done in 0.595329 secs using 996.6% CPU
Optimizing NNI: done in 0.549116 secs using 997.6% CPU
Optimizing NNI: done in 0.48619 secs using 998.4% CPU
Optimizing NNI: done in 0.198286 secs using 997.7% CPU
Optimizing NNI: done in 0.684414 secs using 997.4% CPU
Optimizing NNI: done in 0.685349 secs using 997.3% CPU
Optimizing NNI: done in 0.492866 secs using 997.8% CPU
Optimizing NNI: done in 0.414956 secs using 997.9% CPU
Iteration 190 / LogL: -1241384.253 / Time: 0h:5m:35s (0h:1m:58s left)
Optimizing NNI: done in 0.565454 secs using 998% CPU
Optimizing NNI: done in 0.627352 secs using 998.4% CPU
Optimizing NNI: done in 0.732604 secs using 997.1% CPU
Optimizing NNI: done in 0.457818 secs using 998.2% CPU
Optimizing NNI: done in 0.569182 secs using 996.9% CPU
Optimizing NNI: done in 0.46328 secs using 999.9% CPU
Optimizing NNI: done in 0.559682 secs using 1000% CPU
Optimizing NNI: done in 0.67251 secs using 997.7% CPU
Optimizing NNI: done in 0.749655 secs using 999.2% CPU
Optimizing NNI: done in 0.694762 secs using 998.1% CPU
Estimate model parameters (epsilon = 0.100)
BETTER TREE FOUND at iteration 200: -1241321.444
Iteration 200 / LogL: -1241321.444 / Time: 0h:5m:42s (0h:2m:51s left)
Log-likelihood cutoff on original alignment: -1241976.929
NOTE: Bootstrap correlation coefficient of split occurrence frequencies: 0.985
NOTE: UFBoot does not converge, continue at least 100 more iterations
Optimizing NNI: done in 0.749973 secs using 997.9% CPU
Optimizing NNI: done in 0.564893 secs using 998.4% CPU
Optimizing NNI: done in 0.644634 secs using 997.3% CPU
Optimizing NNI: done in 0.656461 secs using 998.3% CPU
Optimizing NNI: done in 0.381716 secs using 998.6% CPU
Optimizing NNI: done in 0.770584 secs using 998.9% CPU
Optimizing NNI: done in 0.663478 secs using 999.5% CPU
Optimizing NNI: done in 0.583367 secs using 996.5% CPU
Optimizing NNI: done in 0.76428 secs using 998% CPU
Optimizing NNI: done in 0.541351 secs using 998.3% CPU
Iteration 210 / LogL: -1593997.015 / Time: 0h:5m:48s (0h:2m:29s left)
Optimizing NNI: done in 0.491411 secs using 996.4% CPU
Optimizing NNI: done in 0.745243 secs using 998.1% CPU
Optimizing NNI: done in 0.608567 secs using 997.2% CPU
Optimizing NNI: done in 0.707274 secs using 998% CPU
Optimizing NNI: done in 0.693517 secs using 997% CPU
Optimizing NNI: done in 0.676116 secs using 997.9% CPU
Optimizing NNI: done in 0.671324 secs using 997.5% CPU
Optimizing NNI: done in 0.584241 secs using 998.4% CPU
Optimizing NNI: done in 0.551162 secs using 997.6% CPU
Optimizing NNI: done in 0.57808 secs using 998.8% CPU
Iteration 220 / LogL: -1241342.855 / Time: 0h:5m:55s (0h:2m:9s left)
Optimizing NNI: done in 0.600698 secs using 999.1% CPU
Optimizing NNI: done in 0.676929 secs using 998.9% CPU
Optimizing NNI: done in 0.726819 secs using 997.7% CPU
Optimizing NNI: done in 0.58768 secs using 998.3% CPU
Optimizing NNI: done in 0.519859 secs using 996.6% CPU
Optimizing NNI: done in 0.432577 secs using 999% CPU
Optimizing NNI: done in 0.599077 secs using 997.5% CPU
Optimizing NNI: done in 0.706224 secs using 998.3% CPU
Optimizing NNI: done in 0.477923 secs using 998.3% CPU
Optimizing NNI: done in 0.646748 secs using 998.2% CPU
Iteration 230 / LogL: -1241348.122 / Time: 0h:6m:1s (0h:1m:49s left)
Optimizing NNI: done in 0.765945 secs using 997.6% CPU
Optimizing NNI: done in 0.480062 secs using 998.8% CPU
Optimizing NNI: done in 0.499285 secs using 999.1% CPU
Optimizing NNI: done in 0.578776 secs using 996.9% CPU
Optimizing NNI: done in 0.523898 secs using 996.9% CPU
Optimizing NNI: done in 0.50786 secs using 998.7% CPU
Optimizing NNI: done in 0.536488 secs using 997.7% CPU
Optimizing NNI: done in 0.504138 secs using 997.4% CPU
Optimizing NNI: done in 0.655577 secs using 997.1% CPU
Optimizing NNI: done in 0.674351 secs using 998.3% CPU
Iteration 240 / LogL: -1241323.031 / Time: 0h:6m:7s (0h:1m:31s left)
Optimizing NNI: done in 0.601114 secs using 998.8% CPU
Optimizing NNI: done in 0.64345 secs using 998% CPU
Optimizing NNI: done in 0.491691 secs using 998.5% CPU
Optimizing NNI: done in 0.49028 secs using 997% CPU
Optimizing NNI: done in 0.438951 secs using 998.5% CPU
Optimizing NNI: done in 0.466897 secs using 998.3% CPU
Optimizing NNI: done in 0.877309 secs using 997.4% CPU
Optimizing NNI: done in 0.473815 secs using 998.4% CPU
Optimizing NNI: done in 0.69729 secs using 997.8% CPU
Optimizing NNI: done in 0.550921 secs using 998.9% CPU
Iteration 250 / LogL: -1241382.331 / Time: 0h:6m:13s (0h:1m:14s left)
Log-likelihood cutoff on original alignment: -1241976.929
Optimizing NNI: done in 0.443149 secs using 997.9% CPU
Optimizing NNI: done in 0.729175 secs using 998.1% CPU
Optimizing NNI: done in 0.731439 secs using 998.5% CPU
Optimizing NNI: done in 0.675033 secs using 998.2% CPU
Optimizing NNI: done in 0.510327 secs using 996.1% CPU
Optimizing NNI: done in 0.476841 secs using 999.2% CPU
Optimizing NNI: done in 0.552658 secs using 997.8% CPU
Optimizing NNI: done in 0.777501 secs using 998.3% CPU
Optimizing NNI: done in 0.573941 secs using 996.4% CPU
Optimizing NNI: done in 0.596526 secs using 997.7% CPU
Iteration 260 / LogL: -1241322.682 / Time: 0h:6m:19s (0h:0m:58s left)
Optimizing NNI: done in 0.820268 secs using 997.1% CPU
Optimizing NNI: done in 0.69385 secs using 996% CPU
Optimizing NNI: done in 0.639715 secs using 998.5% CPU
Optimizing NNI: done in 0.745152 secs using 997.7% CPU
Optimizing NNI: done in 0.611377 secs using 999.3% CPU
Optimizing NNI: done in 0.408141 secs using 995% CPU
Optimizing NNI: done in 0.603211 secs using 999.2% CPU
Optimizing NNI: done in 0.614217 secs using 996.1% CPU
Optimizing NNI: done in 0.766701 secs using 997.7% CPU
Optimizing NNI: done in 0.375639 secs using 998.2% CPU
Iteration 270 / LogL: -1242032.334 / Time: 0h:6m:26s (0h:0m:42s left)
Optimizing NNI: done in 0.671734 secs using 998.6% CPU
Optimizing NNI: done in 0.440217 secs using 997.7% CPU
Optimizing NNI: done in 0.680805 secs using 998% CPU
Optimizing NNI: done in 0.762739 secs using 996.9% CPU
Optimizing NNI: done in 0.696069 secs using 998.9% CPU
Optimizing NNI: done in 0.50495 secs using 997.1% CPU
Optimizing NNI: done in 0.689634 secs using 998.9% CPU
Optimizing NNI: done in 0.481335 secs using 998.1% CPU
Optimizing NNI: done in 0.775632 secs using 999% CPU
Optimizing NNI: done in 0.664827 secs using 997.1% CPU
Iteration 280 / LogL: -1241543.969 / Time: 0h:6m:32s (0h:0m:28s left)
Optimizing NNI: done in 0.436081 secs using 999.6% CPU
Optimizing NNI: done in 0.478941 secs using 999.3% CPU
Optimizing NNI: done in 0.433451 secs using 996.3% CPU
Optimizing NNI: done in 0.713019 secs using 998.4% CPU
Optimizing NNI: done in 0.703489 secs using 997.4% CPU
Optimizing NNI: done in 0.700308 secs using 996.9% CPU
Optimizing NNI: done in 0.611414 secs using 998.7% CPU
Optimizing NNI: done in 0.46974 secs using 997.9% CPU
Optimizing NNI: done in 0.579989 secs using 998.5% CPU
Optimizing NNI: done in 0.766554 secs using 996.5% CPU
Iteration 290 / LogL: -1241636.776 / Time: 0h:6m:38s (0h:0m:13s left)
Optimizing NNI: done in 0.580687 secs using 997.2% CPU
Optimizing NNI: done in 0.739352 secs using 997.7% CPU
Optimizing NNI: done in 0.528333 secs using 999.6% CPU
Optimizing NNI: done in 0.559875 secs using 999.3% CPU
Optimizing NNI: done in 0.507455 secs using 997.8% CPU
Optimizing NNI: done in 0.666606 secs using 996.2% CPU
Optimizing NNI: done in 0.68534 secs using 999.1% CPU
Optimizing NNI: done in 0.613307 secs using 998.2% CPU
Optimizing NNI: done in 0.787564 secs using 998.3% CPU
Optimizing NNI: done in 0.800019 secs using 997.9% CPU
Iteration 300 / LogL: -1241322.528 / Time: 0h:6m:45s (0h:0m:0s left)
Log-likelihood cutoff on original alignment: -1241976.929
NOTE: Bootstrap correlation coefficient of split occurrence frequencies: 0.988
NOTE: UFBoot does not converge, continue at least 100 more iterations
Optimizing NNI: done in 0.752235 secs using 996.3% CPU
Optimizing NNI: done in 0.701438 secs using 998.1% CPU
Optimizing NNI: done in 0.597192 secs using 997.9% CPU
Optimizing NNI: done in 0.664058 secs using 996.6% CPU
Estimate model parameters (epsilon = 0.100)
BETTER TREE FOUND at iteration 304: -1241316.699
Optimizing NNI: done in 0.424313 secs using 997.9% CPU
Optimizing NNI: done in 0.776443 secs using 998.3% CPU
Optimizing NNI: done in 0.511134 secs using 998% CPU
Optimizing NNI: done in 0.702094 secs using 997.5% CPU
Optimizing NNI: done in 0.755023 secs using 998% CPU
Optimizing NNI: done in 0.456301 secs using 999.2% CPU
Iteration 310 / LogL: -1241329.139 / Time: 0h:6m:52s (0h:2m:4s left)
Optimizing NNI: done in 0.533496 secs using 999.3% CPU
Optimizing NNI: done in 0.89817 secs using 998.6% CPU
Optimizing NNI: done in 0.557963 secs using 997.4% CPU
Optimizing NNI: done in 0.754765 secs using 998.8% CPU
Optimizing NNI: done in 0.456758 secs using 998.1% CPU
Optimizing NNI: done in 0.58921 secs using 997.1% CPU
Optimizing NNI: done in 0.476483 secs using 1000% CPU
Optimizing NNI: done in 0.402928 secs using 999.2% CPU
Optimizing NNI: done in 0.878178 secs using 998% CPU
Optimizing NNI: done in 0.555495 secs using 997.4% CPU
Iteration 320 / LogL: -1241350.949 / Time: 0h:6m:58s (0h:1m:49s left)
Optimizing NNI: done in 0.735712 secs using 999.4% CPU
Optimizing NNI: done in 0.692315 secs using 997.1% CPU
Optimizing NNI: done in 0.859997 secs using 998.4% CPU
Optimizing NNI: done in 0.824789 secs using 997.2% CPU
Optimizing NNI: done in 0.438503 secs using 999.7% CPU
Optimizing NNI: done in 0.690571 secs using 997.9% CPU
Optimizing NNI: done in 0.637389 secs using 997.9% CPU
Optimizing NNI: done in 0.725007 secs using 998.6% CPU
Optimizing NNI: done in 0.407378 secs using 996.7% CPU
Optimizing NNI: done in 0.591742 secs using 997.5% CPU
Iteration 330 / LogL: -1241372.107 / Time: 0h:7m:5s (0h:1m:35s left)
Optimizing NNI: done in 0.675054 secs using 997.6% CPU
Optimizing NNI: done in 0.363364 secs using 999.4% CPU
Optimizing NNI: done in 0.633142 secs using 997.7% CPU
Optimizing NNI: done in 0.925626 secs using 997.3% CPU
Optimizing NNI: done in 0.822423 secs using 997.1% CPU
Optimizing NNI: done in 0.665516 secs using 998.5% CPU
Optimizing NNI: done in 0.632335 secs using 999% CPU
Optimizing NNI: done in 0.471418 secs using 995.8% CPU
Optimizing NNI: done in 0.429274 secs using 997.8% CPU
Optimizing NNI: done in 0.814371 secs using 999% CPU
Iteration 340 / LogL: -1241543.414 / Time: 0h:7m:11s (0h:1m:21s left)
Optimizing NNI: done in 0.636484 secs using 996.8% CPU
Optimizing NNI: done in 0.347494 secs using 997% CPU
Optimizing NNI: done in 0.153988 secs using 995.5% CPU
Optimizing NNI: done in 0.809986 secs using 997.7% CPU
Optimizing NNI: done in 0.669989 secs using 997.6% CPU
Optimizing NNI: done in 0.572667 secs using 998.3% CPU
Optimizing NNI: done in 0.612742 secs using 998.7% CPU
Optimizing NNI: done in 0.492929 secs using 998.7% CPU
Optimizing NNI: done in 0.8783 secs using 997.6% CPU
Optimizing NNI: done in 0.533282 secs using 998% CPU
Iteration 350 / LogL: -1241442.062 / Time: 0h:7m:17s (0h:1m:7s left)
Log-likelihood cutoff on original alignment: -1241976.929
Optimizing NNI: done in 0.730947 secs using 999.1% CPU
Optimizing NNI: done in 0.668241 secs using 998% CPU
Optimizing NNI: done in 0.649567 secs using 998.1% CPU
Optimizing NNI: done in 0.658104 secs using 997.9% CPU
Optimizing NNI: done in 0.459228 secs using 998.5% CPU
Optimizing NNI: done in 0.44163 secs using 998.7% CPU
Optimizing NNI: done in 0.895521 secs using 996.9% CPU
Optimizing NNI: done in 0.368995 secs using 998.9% CPU
Optimizing NNI: done in 0.749471 secs using 998.1% CPU
Optimizing NNI: done in 0.752427 secs using 998.2% CPU
Iteration 360 / LogL: -1241342.792 / Time: 0h:7m:24s (0h:0m:54s left)
Optimizing NNI: done in 0.7381 secs using 997.2% CPU
Optimizing NNI: done in 0.304718 secs using 999.5% CPU
Optimizing NNI: done in 0.548 secs using 998.5% CPU
Optimizing NNI: done in 0.741974 secs using 998.8% CPU
Optimizing NNI: done in 0.488016 secs using 997.9% CPU
Optimizing NNI: done in 0.775717 secs using 996.7% CPU
Optimizing NNI: done in 0.657351 secs using 996% CPU
Optimizing NNI: done in 0.710833 secs using 998.8% CPU
Optimizing NNI: done in 0.609924 secs using 997.7% CPU
Optimizing NNI: done in 0.747012 secs using 998.6% CPU
Iteration 370 / LogL: -1241706.249 / Time: 0h:7m:30s (0h:0m:41s left)
Optimizing NNI: done in 0.715086 secs using 998.5% CPU
Optimizing NNI: done in 0.54605 secs using 998.4% CPU
Optimizing NNI: done in 0.705299 secs using 999% CPU
Optimizing NNI: done in 0.521447 secs using 999% CPU
Optimizing NNI: done in 0.551095 secs using 997.3% CPU
Optimizing NNI: done in 0.536797 secs using 996.1% CPU
Optimizing NNI: done in 0.761085 secs using 997.9% CPU
Optimizing NNI: done in 0.737936 secs using 997.8% CPU
Optimizing NNI: done in 0.698051 secs using 998.4% CPU
Optimizing NNI: done in 0.624219 secs using 997.6% CPU
Iteration 380 / LogL: -1241335.327 / Time: 0h:7m:37s (0h:0m:28s left)
Optimizing NNI: done in 0.742443 secs using 998.4% CPU
Optimizing NNI: done in 0.700873 secs using 996.7% CPU
Optimizing NNI: done in 0.759955 secs using 998.1% CPU
Optimizing NNI: done in 0.587252 secs using 996.9% CPU
Optimizing NNI: done in 0.810303 secs using 997.4% CPU
Optimizing NNI: done in 0.753877 secs using 997.9% CPU
Optimizing NNI: done in 0.519787 secs using 996.1% CPU
Optimizing NNI: done in 0.674602 secs using 996.2% CPU
Optimizing NNI: done in 0.682687 secs using 998.5% CPU
Optimizing NNI: done in 0.453235 secs using 999.5% CPU
Iteration 390 / LogL: -1241477.355 / Time: 0h:7m:44s (0h:0m:16s left)
Optimizing NNI: done in 0.603439 secs using 996% CPU
Optimizing NNI: done in 0.76712 secs using 997.9% CPU
Optimizing NNI: done in 0.470305 secs using 997.5% CPU
Optimizing NNI: done in 0.722887 secs using 997.1% CPU
Optimizing NNI: done in 0.535819 secs using 998.4% CPU
Optimizing NNI: done in 0.82754 secs using 998.3% CPU
Optimizing NNI: done in 0.452052 secs using 997.2% CPU
Optimizing NNI: done in 0.492287 secs using 997.9% CPU
Optimizing NNI: done in 0.51249 secs using 996.6% CPU
Optimizing NNI: done in 0.577282 secs using 997.8% CPU
Iteration 400 / LogL: -1241577.383 / Time: 0h:7m:50s (0h:0m:4s left)
Log-likelihood cutoff on original alignment: -1241976.929
NOTE: Bootstrap correlation coefficient of split occurrence frequencies: 0.992
Optimizing NNI: done in 0.653954 secs using 997.1% CPU
Optimizing NNI: done in 0.48217 secs using 998.4% CPU
Optimizing NNI: done in 0.714105 secs using 998.3% CPU
Optimizing NNI: done in 0.570238 secs using 997.3% CPU
Optimizing NNI: done in 0.697511 secs using 997.5% CPU
TREE SEARCH COMPLETED AFTER 405 ITERATIONS / Time: 0h:7m:54s

--------------------------------------------------------------------
|                    FINALIZING TREE SEARCH                        |
--------------------------------------------------------------------
Performs final model parameters optimization
Estimate model parameters (epsilon = 0.010)
1. Initial log-likelihood: -1241316.699
Optimal log-likelihood: -1241316.691
Rate parameters:  A-C: 1.01414  A-G: 3.78764  A-T: 0.23586  C-G: 0.56360  C-T: 3.81190  G-T: 1.00000
Base frequencies:  A: 0.240  C: 0.257  G: 0.258  T: 0.244
Parameters optimization took 1 rounds (0.069 sec)
BEST SCORE FOUND : -1241316.691
Creating bootstrap support values...
Split supports printed to NEXUS file /content/drive/MyDrive/KCL/Leprosy/results_3/tree/lep_phylogeny_final.splits.nex
Total tree length: 0.501

Total number of iterations: 405
CPU time used for tree search: 2780.271 sec (0h:46m:20s)
Wall-clock time used for tree search: 284.050 sec (0h:4m:44s)
Total CPU time used: 3693.480 sec (1h:1m:33s)
Total wall-clock time used: 474.391 sec (0h:7m:54s)

Computing bootstrap consensus tree...
Reading input file /content/drive/MyDrive/KCL/Leprosy/results_3/tree/lep_phylogeny_final.splits.nex...
196 taxa and 962 splits.
Consensus tree written to /content/drive/MyDrive/KCL/Leprosy/results_3/tree/lep_phylogeny_final.contree
Reading input trees file /content/drive/MyDrive/KCL/Leprosy/results_3/tree/lep_phylogeny_final.contree
Log-likelihood of consensus tree: -1241323.323

Analysis results written to: 
  IQ-TREE report:                /content/drive/MyDrive/KCL/Leprosy/results_3/tree/lep_phylogeny_final.iqtree
  Maximum-likelihood tree:       /content/drive/MyDrive/KCL/Leprosy/results_3/tree/lep_phylogeny_final.treefile
  Likelihood distances:          /content/drive/MyDrive/KCL/Leprosy/results_3/tree/lep_phylogeny_final.mldist

Ultrafast bootstrap approximation results written to:
  Split support values:          /content/drive/MyDrive/KCL/Leprosy/results_3/tree/lep_phylogeny_final.splits.nex
  Consensus tree:                /content/drive/MyDrive/KCL/Leprosy/results_3/tree/lep_phylogeny_final.contree
  Screen log file:               /content/drive/MyDrive/KCL/Leprosy/results_3/tree/lep_phylogeny_final.log

Date and Time: Mon Mar  9 18:00:28 2026
